  Moc'ing Register.h...
  moc_QvtkDicomViewer.cpp
C:\Program Files (x86)\Microsoft Visual Studio\2017\Enterprise\VC\Tools\MSVC\14.12.25827\include\xutility(2430): warning C4996: 'std::copy::_Unchecked_iterators::_Deprecate': Call to 'std::copy' with parameters that may be unsafe - this call relies on the caller to check that the passed values are correct. To disable this warning, use -D_SCL_SECURE_NO_WARNINGS. See documentation on how to use Visual C++ 'Checked Iterators'
  C:\Program Files (x86)\Microsoft Visual Studio\2017\Enterprise\VC\Tools\MSVC\14.12.25827\include\xutility(2430): note: 参见“std::copy::_Unchecked_iterators::_Deprecate”的声明
  e:\visualstudio\qvtkdicomreader\libraries\itk_4.12\include\itk-4.12\itkImportImageContainer.hxx(72): note: 参见对正在编译的函数 模板 实例化“_OutIt std::copy<TElement*,TElement*>(_InIt,_InIt,_OutIt)”的引用
          with
          [
              _OutIt=float *,
              TElement=float,
              _InIt=float *
          ]
  e:\visualstudio\qvtkdicomreader\libraries\itk_4.12\include\itk-4.12\itkImportImageContainer.hxx(60): note: 编译 类 模板 成员函数 "void itk::ImportImageContainer<unsigned __int64,float>::Reserve(unsigned __int64,const bool)" 时
  e:\visualstudio\qvtkdicomreader\libraries\itk_4.12\include\itk-4.12\itkImage.hxx(56): note: 参见对正在编译的函数 模板 实例化“void itk::ImportImageContainer<unsigned __int64,float>::Reserve(unsigned __int64,const bool)”的引用
  e:\visualstudio\qvtkdicomreader\libraries\itk_4.12\include\itk-4.12\itkImage.hxx(50): note: 编译 类 模板 成员函数 "void itk::Image<Register::PixelType,2>::Allocate(bool)" 时
  e:\visualstudio\qvtkdicomreader\libraries\itk_4.12\include\itk-4.12\itkImageToVTKImageFilter.h(63): note: 参见对正在编译的 类 模板 实例化 "itk::Image<Register::PixelType,2>" 的引用
  e:\visualstudio\qvtkdicomreader\qvtkdicomviewer\Register.h(58): note: 参见对正在编译的 类 模板 实例化 "itk::ImageToVTKImageFilter<Register::OutputImageType>" 的引用
  moc_Register.cpp
C:\Program Files (x86)\Microsoft Visual Studio\2017\Enterprise\VC\Tools\MSVC\14.12.25827\include\xutility(2430): warning C4996: 'std::copy::_Unchecked_iterators::_Deprecate': Call to 'std::copy' with parameters that may be unsafe - this call relies on the caller to check that the passed values are correct. To disable this warning, use -D_SCL_SECURE_NO_WARNINGS. See documentation on how to use Visual C++ 'Checked Iterators'
  C:\Program Files (x86)\Microsoft Visual Studio\2017\Enterprise\VC\Tools\MSVC\14.12.25827\include\xutility(2430): note: 参见“std::copy::_Unchecked_iterators::_Deprecate”的声明
  e:\visualstudio\qvtkdicomreader\libraries\itk_4.12\include\itk-4.12\itkImportImageContainer.hxx(72): note: 参见对正在编译的函数 模板 实例化“_OutIt std::copy<TElement*,TElement*>(_InIt,_InIt,_OutIt)”的引用
          with
          [
              _OutIt=float *,
              TElement=float,
              _InIt=float *
          ]
  e:\visualstudio\qvtkdicomreader\libraries\itk_4.12\include\itk-4.12\itkImportImageContainer.hxx(60): note: 编译 类 模板 成员函数 "void itk::ImportImageContainer<unsigned __int64,float>::Reserve(unsigned __int64,const bool)" 时
  e:\visualstudio\qvtkdicomreader\libraries\itk_4.12\include\itk-4.12\itkImage.hxx(56): note: 参见对正在编译的函数 模板 实例化“void itk::ImportImageContainer<unsigned __int64,float>::Reserve(unsigned __int64,const bool)”的引用
  e:\visualstudio\qvtkdicomreader\libraries\itk_4.12\include\itk-4.12\itkImage.hxx(50): note: 编译 类 模板 成员函数 "void itk::Image<Register::PixelType,2>::Allocate(bool)" 时
  e:\visualstudio\qvtkdicomreader\libraries\itk_4.12\include\itk-4.12\itkImageToVTKImageFilter.h(63): note: 参见对正在编译的 类 模板 实例化 "itk::Image<Register::PixelType,2>" 的引用
  e:\visualstudio\qvtkdicomreader\qvtkdicomviewer\generatedfiles\debug\../../Register.h(58): note: 参见对正在编译的 类 模板 实例化 "itk::ImageToVTKImageFilter<Register::OutputImageType>" 的引用
  QvtkDicomViewer.cpp
C:\Program Files (x86)\Microsoft Visual Studio\2017\Enterprise\VC\Tools\MSVC\14.12.25827\include\xutility(2430): warning C4996: 'std::copy::_Unchecked_iterators::_Deprecate': Call to 'std::copy' with parameters that may be unsafe - this call relies on the caller to check that the passed values are correct. To disable this warning, use -D_SCL_SECURE_NO_WARNINGS. See documentation on how to use Visual C++ 'Checked Iterators'
  C:\Program Files (x86)\Microsoft Visual Studio\2017\Enterprise\VC\Tools\MSVC\14.12.25827\include\xutility(2430): note: 参见“std::copy::_Unchecked_iterators::_Deprecate”的声明
  e:\visualstudio\qvtkdicomreader\libraries\itk_4.12\include\itk-4.12\itkImportImageContainer.hxx(72): note: 参见对正在编译的函数 模板 实例化“_OutIt std::copy<TElement*,TElement*>(_InIt,_InIt,_OutIt)”的引用
          with
          [
              _OutIt=float *,
              TElement=float,
              _InIt=float *
          ]
  e:\visualstudio\qvtkdicomreader\libraries\itk_4.12\include\itk-4.12\itkImportImageContainer.hxx(60): note: 编译 类 模板 成员函数 "void itk::ImportImageContainer<unsigned __int64,float>::Reserve(unsigned __int64,const bool)" 时
  e:\visualstudio\qvtkdicomreader\libraries\itk_4.12\include\itk-4.12\itkImage.hxx(56): note: 参见对正在编译的函数 模板 实例化“void itk::ImportImageContainer<unsigned __int64,float>::Reserve(unsigned __int64,const bool)”的引用
  e:\visualstudio\qvtkdicomreader\libraries\itk_4.12\include\itk-4.12\itkImage.hxx(50): note: 编译 类 模板 成员函数 "void itk::Image<vtkImageSegmentCallback::InputPixelType,2>::Allocate(bool)" 时
  e:\visualstudio\qvtkdicomreader\libraries\itk_4.12\include\itk-4.12\itkImageFileReader.h(74): note: 参见对正在编译的 类 模板 实例化 "itk::Image<vtkImageSegmentCallback::InputPixelType,2>" 的引用
  Register.cpp
C:\Program Files (x86)\Microsoft Visual Studio\2017\Enterprise\VC\Tools\MSVC\14.12.25827\include\xutility(2430): warning C4996: 'std::copy::_Unchecked_iterators::_Deprecate': Call to 'std::copy' with parameters that may be unsafe - this call relies on the caller to check that the passed values are correct. To disable this warning, use -D_SCL_SECURE_NO_WARNINGS. See documentation on how to use Visual C++ 'Checked Iterators'
  C:\Program Files (x86)\Microsoft Visual Studio\2017\Enterprise\VC\Tools\MSVC\14.12.25827\include\xutility(2430): note: 参见“std::copy::_Unchecked_iterators::_Deprecate”的声明
  e:\visualstudio\qvtkdicomreader\libraries\itk_4.12\include\itk-4.12\itkTransform.hxx(529): note: 参见对正在编译的函数 模板 实例化“_OutIt std::copy<const double*,T*>(_InIt,_InIt,_OutIt)”的引用
          with
          [
              _OutIt=double *,
              T=double,
              _InIt=const double *
          ]
  e:\visualstudio\qvtkdicomreader\libraries\itk_4.12\include\itk-4.12\itkTransform.hxx(524): note: 编译 类 模板 成员函数 "void itk::Transform<TParametersValueType,2,2>::CopyInParameters(const double *const ,const double *const )" 时
          with
          [
              TParametersValueType=double
          ]
  e:\visualstudio\qvtkdicomreader\libraries\itk_4.12\include\itk-4.12\itkObjectToObjectMetric.h(158): note: 参见对正在编译的 类 模板 实例化 "itk::Transform<TParametersValueType,2,2>" 的引用
          with
          [
              TParametersValueType=double
          ]
  e:\visualstudio\qvtkdicomreader\libraries\itk_4.12\include\itk-4.12\itkImageToImageMetricv4.h(173): note: 参见对正在编译的 类 模板 实例化 "itk::ObjectToObjectMetric<2,2,TVirtualImage,TInternalComputationValueType>" 的引用
          with
          [
              TVirtualImage=FixedImageType,
              TInternalComputationValueType=double
          ]
  e:\visualstudio\qvtkdicomreader\libraries\itk_4.12\include\itk-4.12\itkMeanSquaresImageToImageMetricv4.h(46): note: 参见对正在编译的 类 模板 实例化 "itk::ImageToImageMetricv4<TFixedImage,TMovingImage,TVirtualImage,TInternalComputationValueType,TMetricTraits>" 的引用
          with
          [
              TFixedImage=FixedImageType,
              TMovingImage=MovingImageType,
              TVirtualImage=FixedImageType,
              TInternalComputationValueType=double,
              TMetricTraits=itk::DefaultImageToImageMetricTraitsv4<FixedImageType,MovingImageType,FixedImageType,double>
          ]
  Register.cpp(61): note: 参见对正在编译的 类 模板 实例化 "itk::MeanSquaresImageToImageMetricv4<FixedImageType,MovingImageType,TFixedImage,double,itk::DefaultImageToImageMetricTraitsv4<TFixedImage,TMovingImage,TVirtualImage,TInternalComputationValueType>>" 的引用
          with
          [
              TFixedImage=FixedImageType,
              TMovingImage=MovingImageType,
              TVirtualImage=FixedImageType,
              TInternalComputationValueType=double
          ]
C:\Program Files (x86)\Microsoft Visual Studio\2017\Enterprise\VC\Tools\MSVC\14.12.25827\include\algorithm(1019): warning C4996: 'std::transform::_Unchecked_iterators::_Deprecate': Call to 'std::transform' with parameters that may be unsafe - this call relies on the caller to check that the passed values are correct. To disable this warning, use -D_SCL_SECURE_NO_WARNINGS. See documentation on how to use Visual C++ 'Checked Iterators'
  C:\Program Files (x86)\Microsoft Visual Studio\2017\Enterprise\VC\Tools\MSVC\14.12.25827\include\algorithm(1019): note: 参见“std::transform::_Unchecked_iterators::_Deprecate”的声明
  e:\visualstudio\qvtkdicomreader\libraries\itk_4.12\include\itk-4.12\itkImageAlgorithm.h(213): note: 参见对正在编译的函数 模板 实例化“_OutIt *std::transform<const TInputType*,TOutputType*,itk::ImageAlgorithm::StaticCast<TInputType,TOutputType>>(_InIt,_InIt,_OutIt,_Fn)”的引用
          with
          [
              _OutIt=double *,
              TInputType=float,
              TOutputType=double,
              _InIt=const float *,
              _Fn=itk::ImageAlgorithm::StaticCast<float,double>
          ]
  e:\visualstudio\qvtkdicomreader\libraries\itk_4.12\include\itk-4.12\itkImageAlgorithm.hxx(136): note: 参见对正在编译的函数 模板 实例化“TOutputType *itk::ImageAlgorithm::CopyHelper<float,double>(const TInputType *,const TInputType *,TOutputType *)”的引用
          with
          [
              TOutputType=double,
              TInputType=float
          ]
  e:\visualstudio\qvtkdicomreader\libraries\itk_4.12\include\itk-4.12\itkImageAlgorithm.h(112): note: 参见对正在编译的函数 模板 实例化“void itk::ImageAlgorithm::DispatchedCopy<itk::Image<Register::PixelType,2>,itk::Image<double,2>>(const InputImageType *,OutputImageType *,const itk::ImageRegion<2> &,const itk::ImageRegion<2> &,itk::ImageAlgorithm::TrueType)”的引用
          with
          [
              InputImageType=itk::Image<Register::PixelType,2>,
              OutputImageType=itk::Image<double,2>
          ]
  e:\visualstudio\qvtkdicomreader\libraries\itk_4.12\include\itk-4.12\itkCastImageFilter.hxx(73): note: 参见对正在编译的函数 模板 实例化“void itk::ImageAlgorithm::Copy<Register::PixelType,double,2>(const itk::Image<Register::PixelType,2> *,itk::Image<double,2> *,const itk::ImageRegion<2> &,const itk::ImageRegion<2> &)”的引用
  e:\visualstudio\qvtkdicomreader\libraries\itk_4.12\include\itk-4.12\itkCastImageFilter.hxx(59): note: 编译 类 模板 成员函数 "void itk::CastImageFilter<itk::Image<Register::PixelType,2>,itk::Image<double,2>>::ThreadedGenerateData(const itk::ImageRegion<2> &,itk::ThreadIdType)" 时
  e:\visualstudio\qvtkdicomreader\libraries\itk_4.12\include\itk-4.12\itkImageRegistrationMethodv4.hxx(518): note: 参见对正在编译的 类 模板 实例化 "itk::CastImageFilter<itk::Image<Register::PixelType,2>,itk::Image<double,2>>" 的引用
  e:\visualstudio\qvtkdicomreader\libraries\itk_4.12\include\itk-4.12\itkImageRegistrationMethodv4.hxx(292): note: 编译 类 模板 成员函数 "void itk::ImageRegistrationMethodv4<FixedImageType,MovingImageType,TransformType,TFixedImage,itk::PointSet<unsigned int,2,itk::DefaultStaticMeshTraits<TPixelType,2,2,float,float,TPixelType>>>::InitializeRegistrationAtEachLevel(const itk::SizeValueType)" 时
          with
          [
              TFixedImage=FixedImageType,
              TPixelType=unsigned int
          ]
  e:\visualstudio\qvtkdicomreader\libraries\itk_4.12\include\itk-4.12\itkImageRegistrationMethodv4.hxx(800): note: 参见对正在编译的函数 模板 实例化“void itk::ImageRegistrationMethodv4<FixedImageType,MovingImageType,TransformType,TFixedImage,itk::PointSet<unsigned int,2,itk::DefaultStaticMeshTraits<TPixelType,2,2,float,float,TPixelType>>>::InitializeRegistrationAtEachLevel(const itk::SizeValueType)”的引用
          with
          [
              TFixedImage=FixedImageType,
              TPixelType=unsigned int
          ]
  Register.cpp(63): note: 参见对正在编译的 类 模板 实例化 "itk::ImageRegistrationMethodv4<FixedImageType,MovingImageType,TransformType,TFixedImage,itk::PointSet<unsigned int,2,itk::DefaultStaticMeshTraits<TPixelType,2,2,float,float,TPixelType>>>" 的引用
          with
          [
              TFixedImage=FixedImageType,
              TPixelType=unsigned int
          ]
  main.cpp
C:\Program Files (x86)\Microsoft Visual Studio\2017\Enterprise\VC\Tools\MSVC\14.12.25827\include\xutility(2430): warning C4996: 'std::copy::_Unchecked_iterators::_Deprecate': Call to 'std::copy' with parameters that may be unsafe - this call relies on the caller to check that the passed values are correct. To disable this warning, use -D_SCL_SECURE_NO_WARNINGS. See documentation on how to use Visual C++ 'Checked Iterators'
  C:\Program Files (x86)\Microsoft Visual Studio\2017\Enterprise\VC\Tools\MSVC\14.12.25827\include\xutility(2430): note: 参见“std::copy::_Unchecked_iterators::_Deprecate”的声明
  e:\visualstudio\qvtkdicomreader\libraries\itk_4.12\include\itk-4.12\itkImportImageContainer.hxx(72): note: 参见对正在编译的函数 模板 实例化“_OutIt std::copy<TElement*,TElement*>(_InIt,_InIt,_OutIt)”的引用
          with
          [
              _OutIt=float *,
              TElement=float,
              _InIt=float *
          ]
  e:\visualstudio\qvtkdicomreader\libraries\itk_4.12\include\itk-4.12\itkImportImageContainer.hxx(60): note: 编译 类 模板 成员函数 "void itk::ImportImageContainer<unsigned __int64,float>::Reserve(unsigned __int64,const bool)" 时
  e:\visualstudio\qvtkdicomreader\libraries\itk_4.12\include\itk-4.12\itkImage.hxx(56): note: 参见对正在编译的函数 模板 实例化“void itk::ImportImageContainer<unsigned __int64,float>::Reserve(unsigned __int64,const bool)”的引用
  e:\visualstudio\qvtkdicomreader\libraries\itk_4.12\include\itk-4.12\itkImage.hxx(50): note: 编译 类 模板 成员函数 "void itk::Image<Register::PixelType,2>::Allocate(bool)" 时
  e:\visualstudio\qvtkdicomreader\libraries\itk_4.12\include\itk-4.12\itkImageToVTKImageFilter.h(63): note: 参见对正在编译的 类 模板 实例化 "itk::Image<Register::PixelType,2>" 的引用
  e:\visualstudio\qvtkdicomreader\qvtkdicomviewer\Register.h(58): note: 参见对正在编译的 类 模板 实例化 "itk::ImageToVTKImageFilter<Register::OutputImageType>" 的引用
  myVtkInteractorStyleImage.cpp
C:\Program Files (x86)\Microsoft Visual Studio\2017\Enterprise\VC\Tools\MSVC\14.12.25827\include\xutility(2430): warning C4996: 'std::copy::_Unchecked_iterators::_Deprecate': Call to 'std::copy' with parameters that may be unsafe - this call relies on the caller to check that the passed values are correct. To disable this warning, use -D_SCL_SECURE_NO_WARNINGS. See documentation on how to use Visual C++ 'Checked Iterators'
  C:\Program Files (x86)\Microsoft Visual Studio\2017\Enterprise\VC\Tools\MSVC\14.12.25827\include\xutility(2430): note: 参见“std::copy::_Unchecked_iterators::_Deprecate”的声明
  e:\visualstudio\qvtkdicomreader\libraries\itk_4.12\include\itk-4.12\itkImportImageContainer.hxx(72): note: 参见对正在编译的函数 模板 实例化“_OutIt std::copy<TElement*,TElement*>(_InIt,_InIt,_OutIt)”的引用
          with
          [
              _OutIt=float *,
              TElement=float,
              _InIt=float *
          ]
  e:\visualstudio\qvtkdicomreader\libraries\itk_4.12\include\itk-4.12\itkImportImageContainer.hxx(60): note: 编译 类 模板 成员函数 "void itk::ImportImageContainer<unsigned __int64,float>::Reserve(unsigned __int64,const bool)" 时
  e:\visualstudio\qvtkdicomreader\libraries\itk_4.12\include\itk-4.12\itkImage.hxx(56): note: 参见对正在编译的函数 模板 实例化“void itk::ImportImageContainer<unsigned __int64,float>::Reserve(unsigned __int64,const bool)”的引用
  e:\visualstudio\qvtkdicomreader\libraries\itk_4.12\include\itk-4.12\itkImage.hxx(50): note: 编译 类 模板 成员函数 "void itk::Image<Register::PixelType,2>::Allocate(bool)" 时
  e:\visualstudio\qvtkdicomreader\libraries\itk_4.12\include\itk-4.12\itkImageToVTKImageFilter.h(63): note: 参见对正在编译的 类 模板 实例化 "itk::Image<Register::PixelType,2>" 的引用
  e:\visualstudio\qvtkdicomreader\qvtkdicomviewer\Register.h(58): note: 参见对正在编译的 类 模板 实例化 "itk::ImageToVTKImageFilter<Register::OutputImageType>" 的引用
  正在生成代码...
  QvtkDicomViewer.vcxproj -> E:\VisualStudio\QvtkDicomReader\x64\Debug\QvtkDicomViewer.exe
