e:\visualstudio\qvtkdicomreader\qvtkdicomviewer\x64\debug\vc141.pdb
e:\visualstudio\qvtkdicomreader\qvtkdicomviewer\x64\debug\vtkbidimensionalcallback.obj
e:\visualstudio\qvtkdicomreader\qvtkdicomviewer\x64\debug\sliceplayer.obj
e:\visualstudio\qvtkdicomreader\qvtkdicomviewer\x64\debug\qvtkdicomviewer.obj
e:\visualstudio\qvtkdicomreader\qvtkdicomviewer\x64\debug\myvtkinteractorstyleimage.obj
e:\visualstudio\qvtkdicomreader\qvtkdicomviewer\x64\debug\main.obj
e:\visualstudio\qvtkdicomreader\qvtkdicomviewer\x64\debug\moc_sliceplayer.obj
e:\visualstudio\qvtkdicomreader\qvtkdicomviewer\x64\debug\moc_qvtkdicomviewer.obj
e:\visualstudio\qvtkdicomreader\qvtkdicomviewer\x64\debug\qrc_qvtkdicomviewer.obj
e:\visualstudio\qvtkdicomreader\qvtkdicomviewer\x64\debug\moc_dicomdir.obj
e:\visualstudio\qvtkdicomreader\qvtkdicomviewer\x64\debug\dicomdir.obj
e:\visualstudio\qvtkdicomreader\qvtkdicomviewer\generatedfiles\debug\moc_qvtkdicomviewer.cpp
e:\visualstudio\qvtkdicomreader\qvtkdicomviewer\generatedfiles\ui_qvtkdicomviewer.h
e:\visualstudio\qvtkdicomreader\qvtkdicomviewer\generatedfiles\debug\moc_sliceplayer.cpp
e:\visualstudio\qvtkdicomreader\qvtkdicomviewer\generatedfiles\qrc_qvtkdicomviewer.cpp
e:\visualstudio\qvtkdicomreader\qvtkdicomviewer\generatedfiles\debug\moc_dicomdir.cpp
e:\visualstudio\qvtkdicomreader\qvtkdicomviewer\generatedfiles\ui_dicomdir.h
e:\visualstudio\qvtkdicomreader\x64\debug\qvtkdicomviewer.exe
e:\visualstudio\qvtkdicomreader\x64\debug\qvtkdicomviewer.ilk
e:\visualstudio\qvtkdicomreader\x64\debug\qvtkdicomviewer.pdb
e:\visualstudio\qvtkdicomreader\qvtkdicomviewer\x64\debug\qvtkdicomviewer.tlog\cl.command.1.tlog
e:\visualstudio\qvtkdicomreader\qvtkdicomviewer\x64\debug\qvtkdicomviewer.tlog\cl.read.1.tlog
e:\visualstudio\qvtkdicomreader\qvtkdicomviewer\x64\debug\qvtkdicomviewer.tlog\cl.write.1.tlog
e:\visualstudio\qvtkdicomreader\qvtkdicomviewer\x64\debug\qvtkdicomviewer.tlog\custombuild.command.1.tlog
e:\visualstudio\qvtkdicomreader\qvtkdicomviewer\x64\debug\qvtkdicomviewer.tlog\custombuild.read.1.tlog
e:\visualstudio\qvtkdicomreader\qvtkdicomviewer\x64\debug\qvtkdicomviewer.tlog\custombuild.write.1.tlog
e:\visualstudio\qvtkdicomreader\qvtkdicomviewer\x64\debug\qvtkdicomviewer.tlog\link.command.1.tlog
e:\visualstudio\qvtkdicomreader\qvtkdicomviewer\x64\debug\qvtkdicomviewer.tlog\link.read.1.tlog
e:\visualstudio\qvtkdicomreader\qvtkdicomviewer\x64\debug\qvtkdicomviewer.tlog\link.write.1.tlog
