  Moc'ing QvtkDicomViewer.h...
  Moc'ing DicomDir.h...
  Moc'ing SlicePlayer.h...
  Uic'ing DicomDir.ui...
  DicomDataBase.cpp
  DicomDir.cpp
  DicomDirTreeModel.cpp
  DicomImage.cpp
  DicomPatient.cpp
  DicomSeries.cpp
  DicomStudy.cpp
  moc_DicomDir.cpp
  moc_QvtkDicomViewer.cpp
  moc_SlicePlayer.cpp
  main.cpp
  myVtkInteractorStyleImage.cpp
  QvtkDicomViewer.cpp
  SlicePlayer.cpp
  TreeItem.cpp
  vtkBiDimensionalCallback.cpp
  正在生成代码...
  qrc_QvtkDicomViewer.cpp
  QvtkDicomViewer.vcxproj -> E:\VisualStudio\QvtkDicomViewer\x64\Release\QvtkDicomViewer.exe
